面包师线程号: -1998854400 时间: Sat Jan  6 09:11:09 2024
 产品编号: 1 
面包师线程号: -1998854400 时间: Sat Jan  6 09:11:09 2024
 产品编号: 2 
面包师线程号: -2007247104 时间: Sat Jan  6 09:11:09 2024
 产品编号: 2 
面包师线程号: -2007247104 时间: Sat Jan  6 09:11:09 2024
 产品编号: 4 
面包师线程号: -2007247104 时间: Sat Jan  6 09:11:09 2024
 产品编号: 5 
面包师线程号: -2007247104 时间: Sat Jan  6 09:11:09 2024
 产品编号: 6 
面包师线程号: -1998854400 时间: Sat Jan  6 09:11:09 2024
 产品编号: 6 
面包师线程号: -2007247104 时间: Sat Jan  6 09:11:09 2024
 产品编号: 7 
面包师线程号: -2007247104 时间: Sat Jan  6 09:11:09 2024
 产品编号: 8 
面包师线程号: -2007247104 时间: Sat Jan  6 09:11:09 2024
 产品编号: 9 
面包师线程号: -2007247104 时间: Sat Jan  6 09:11:09 2024
 产品编号: 10 
面包师线程号: -2007247104 时间: Sat Jan  6 09:11:09 2024
 产品编号: 12 
面包师线程号: -2007247104 时间: Sat Jan  6 09:11:09 2024
 产品编号: 13 
面包师线程号: -1990461696 时间: Sat Jan  6 09:11:09 2024
 产品编号: 13 
面包师线程号: -1998854400 时间: Sat Jan  6 09:11:09 2024
 产品编号: 14 
面包师线程号: -1990461696 时间: Sat Jan  6 09:11:09 2024
 产品编号: 15 
面包师线程号: -1998854400 时间: Sat Jan  6 09:11:09 2024
 产品编号: 16 
面包师线程号: -2007247104 时间: Sat Jan  6 09:11:09 2024
 产品编号: 17 
面包师线程号: -1990461696 时间: Sat Jan  6 09:11:09 2024
 产品编号: 18 
面包师线程号: -1990461696 时间: Sat Jan  6 09:11:09 2024
 产品编号: 20 
面包师线程号: -1990461696 时间: Sat Jan  6 09:11:09 2024
 产品编号: 21 
面包师线程号: -1998854400 时间: Sat Jan  6 09:11:09 2024
 产品编号: 21 
面包师线程号: -1990461696 时间: Sat Jan  6 09:11:09 2024
 产品编号: 22 
面包师线程号: -1990461696 时间: Sat Jan  6 09:11:09 2024
 产品编号: 23 
面包师线程号: -2015639808 时间: Sat Jan  6 09:11:09 2024
 产品编号: 24 
面包师线程号: -2015639808 时间: Sat Jan  6 09:11:09 2024
 产品编号: 26 
面包师线程号: -2007247104 时间: Sat Jan  6 09:11:09 2024
 产品编号: 26 
面包师线程号: -2007247104 时间: Sat Jan  6 09:11:09 2024
 产品编号: 28 
面包师线程号: -1990461696 时间: Sat Jan  6 09:11:09 2024
 产品编号: 28 
面包师线程号: -1990461696 时间: Sat Jan  6 09:11:09 2024
 产品编号: 30 
面包师线程号: -2015639808 时间: Sat Jan  6 09:11:09 2024
 产品编号: 30 
面包师线程号: -2024032512 时间: Sat Jan  6 09:11:09 2024
 产品编号: 31 
面包师线程号: -2015639808 时间: Sat Jan  6 09:11:09 2024
 产品编号: 32 
面包师线程号: -2015639808 时间: Sat Jan  6 09:11:09 2024
 产品编号: 34 
面包师线程号: -2015639808 时间: Sat Jan  6 09:11:09 2024
 产品编号: 35 
面包师线程号: -1990461696 时间: Sat Jan  6 09:11:09 2024
 产品编号: 35 
面包师线程号: -1990461696 时间: Sat Jan  6 09:11:09 2024
 产品编号: 37 
面包师线程号: -2007247104 时间: Sat Jan  6 09:11:09 2024
 产品编号: 37 
面包师线程号: -1998854400 时间: Sat Jan  6 09:11:09 2024
 产品编号: 38 
面包师线程号: -2015639808 时间: Sat Jan  6 09:11:09 2024
 产品编号: 39 
面包师线程号: -2015639808 时间: Sat Jan  6 09:11:09 2024
 产品编号: 40 
面包师线程号: -1990461696 时间: Sat Jan  6 09:11:09 2024
 产品编号: 41 
面包师线程号: -2007247104 时间: Sat Jan  6 09:11:09 2024
 产品编号: 42 
面包师线程号: -2024032512 时间: Sat Jan  6 09:11:09 2024
 产品编号: 43 
面包师线程号: -1990461696 时间: Sat Jan  6 09:11:09 2024
 产品编号: 43 
面包师线程号: -2015639808 时间: Sat Jan  6 09:11:09 2024
 产品编号: 44 
面包师线程号: -2024032512 时间: Sat Jan  6 09:11:09 2024
 产品编号: 46 
面包师线程号: -1998854400 时间: Sat Jan  6 09:11:09 2024
 产品编号: 48 
面包师线程号: -1990461696 时间: Sat Jan  6 09:11:09 2024
 产品编号: 49 
面包师线程号: -2007247104 时间: Sat Jan  6 09:11:09 2024
 产品编号: 50 
面包师线程号: -2015639808 时间: Sat Jan  6 09:11:22 2024
 产品编号: 48 
面包师线程号: -1998854400 时间: Sat Jan  6 09:11:22 2024
 产品编号: 47 
面包师线程号: -2024032512 时间: Sat Jan  6 09:11:22 2024
 产品编号: 48 
面包师线程号: -2024032512 时间: Sat Jan  6 09:11:22 2024
 产品编号: 49 
面包师线程号: -1990461696 时间: Sat Jan  6 09:11:22 2024
 产品编号: 50 
面包师线程号: -2015639808 时间: Sat Jan  6 09:12:30 2024
 产品编号: 48 
面包师线程号: -1998854400 时间: Sat Jan  6 09:12:30 2024
 产品编号: 47 
面包师线程号: -2007247104 时间: Sat Jan  6 09:12:30 2024
 产品编号: 49 
面包师线程号: -2024032512 时间: Sat Jan  6 09:12:30 2024
 产品编号: 50 
面包师线程号: -1995856128 时间: Sat Jan 13 09:34:50 2024
 产品编号: 1 
面包师线程号: -1995856128 时间: Sat Jan 13 09:34:50 2024
 产品编号: 2 
面包师线程号: -1995856128 时间: Sat Jan 13 09:34:50 2024
 产品编号: 3 
面包师线程号: -2080377088 时间: Sat Jan 13 09:34:50 2024
 产品编号: 3 
面包师线程号: -2080377088 时间: Sat Jan 13 09:34:50 2024
 产品编号: 5 
面包师线程号: -2080377088 时间: Sat Jan 13 09:34:50 2024
 产品编号: 6 
面包师线程号: -2080377088 时间: Sat Jan 13 09:34:50 2024
 产品编号: 7 
面包师线程号: -2080377088 时间: Sat Jan 13 09:34:50 2024
 产品编号: 8 
面包师线程号: -2004248832 时间: Sat Jan 13 09:34:50 2024
 产品编号: 8 
面包师线程号: -2004248832 时间: Sat Jan 13 09:34:50 2024
 产品编号: 10 
面包师线程号: -2004248832 时间: Sat Jan 13 09:34:50 2024
 产品编号: 11 
面包师线程号: -1995856128 时间: Sat Jan 13 09:34:50 2024
 产品编号: 11 
面包师线程号: -1995856128 时间: Sat Jan 13 09:34:50 2024
 产品编号: 13 
面包师线程号: -1995856128 时间: Sat Jan 13 09:34:50 2024
 产品编号: 14 
面包师线程号: -2080377088 时间: Sat Jan 13 09:34:50 2024
 产品编号: 14 
面包师线程号: -2080377088 时间: Sat Jan 13 09:34:50 2024
 产品编号: 16 
面包师线程号: -2080377088 时间: Sat Jan 13 09:34:50 2024
 产品编号: 17 
面包师线程号: -2080377088 时间: Sat Jan 13 09:34:50 2024
 产品编号: 18 
面包师线程号: -1995856128 时间: Sat Jan 13 09:34:50 2024
 产品编号: 19 
面包师线程号: -1995856128 时间: Sat Jan 13 09:34:50 2024
 产品编号: 20 
面包师线程号: -2080377088 时间: Sat Jan 13 09:34:50 2024
 产品编号: 20 
面包师线程号: -2080377088 时间: Sat Jan 13 09:34:50 2024
 产品编号: 22 
面包师线程号: -2080377088 时间: Sat Jan 13 09:34:50 2024
 产品编号: 23 
面包师线程号: -1995856128 时间: Sat Jan 13 09:34:50 2024
 产品编号: 23 
面包师线程号: -1995856128 时间: Sat Jan 13 09:34:50 2024
 产品编号: 25 
面包师线程号: -2080377088 时间: Sat Jan 13 09:34:50 2024
 产品编号: 26 
面包师线程号: -2080377088 时间: Sat Jan 13 09:34:50 2024
 产品编号: 27 
面包师线程号: -2080377088 时间: Sat Jan 13 09:34:50 2024
 产品编号: 28 
面包师线程号: -2080377088 时间: Sat Jan 13 09:34:50 2024
 产品编号: 29 
面包师线程号: -2080377088 时间: Sat Jan 13 09:34:50 2024
 产品编号: 30 
面包师线程号: -2080377088 时间: Sat Jan 13 09:34:50 2024
 产品编号: 31 
面包师线程号: -2080377088 时间: Sat Jan 13 09:34:50 2024
 产品编号: 32 
面包师线程号: -1995856128 时间: Sat Jan 13 09:34:50 2024
 产品编号: 32 
面包师线程号: -2080377088 时间: Sat Jan 13 09:34:50 2024
 产品编号: 33 
面包师线程号: -2004248832 时间: Sat Jan 13 09:34:50 2024
 产品编号: 34 
面包师线程号: -2080377088 时间: Sat Jan 13 09:34:50 2024
 产品编号: 35 
面包师线程号: -1995856128 时间: Sat Jan 13 09:34:50 2024
 产品编号: 36 
面包师线程号: -2080377088 时间: Sat Jan 13 09:34:50 2024
 产品编号: 38 
面包师线程号: -2080377088 时间: Sat Jan 13 09:34:50 2024
 产品编号: 39 
面包师线程号: -2080377088 时间: Sat Jan 13 09:34:50 2024
 产品编号: 40 
面包师线程号: -2004248832 时间: Sat Jan 13 09:34:50 2024
 产品编号: 40 
面包师线程号: -1995856128 时间: Sat Jan 13 09:34:50 2024
 产品编号: 41 
面包师线程号: -1995856128 时间: Sat Jan 13 09:34:50 2024
 产品编号: 43 
面包师线程号: -1995856128 时间: Sat Jan 13 09:34:50 2024
 产品编号: 44 
面包师线程号: -1995856128 时间: Sat Jan 13 09:34:50 2024
 产品编号: 45 
面包师线程号: -1995856128 时间: Sat Jan 13 09:34:50 2024
 产品编号: 46 
面包师线程号: -2080377088 时间: Sat Jan 13 09:34:50 2024
 产品编号: 46 
面包师线程号: -2080377088 时间: Sat Jan 13 09:34:50 2024
 产品编号: 47 
面包师线程号: -1995856128 时间: Sat Jan 13 09:34:50 2024
 产品编号: 48 
面包师线程号: -2004248832 时间: Sat Jan 13 09:34:50 2024
 产品编号: 50 
面包师线程号: 1268872960 时间: Sat Jan 13 11:01:17 2024
 产品编号: 1 
面包师线程号: 1268872960 时间: Sat Jan 13 11:01:17 2024
 产品编号: 2 
面包师线程号: 1260480256 时间: Sat Jan 13 11:01:17 2024
 产品编号: 2 
面包师线程号: 1260480256 时间: Sat Jan 13 11:01:17 2024
 产品编号: 4 
面包师线程号: 1260480256 时间: Sat Jan 13 11:01:17 2024
 产品编号: 5 
面包师线程号: 1260480256 时间: Sat Jan 13 11:01:17 2024
 产品编号: 6 
面包师线程号: 1268872960 时间: Sat Jan 13 11:01:17 2024
 产品编号: 6 
面包师线程号: 1260480256 时间: Sat Jan 13 11:01:17 2024
 产品编号: 7 
面包师线程号: 1268872960 时间: Sat Jan 13 11:01:17 2024
 产品编号: 8 
面包师线程号: 1268872960 时间: Sat Jan 13 11:01:17 2024
 产品编号: 10 
面包师线程号: 1268872960 时间: Sat Jan 13 11:01:17 2024
 产品编号: 11 
面包师线程号: 1268872960 时间: Sat Jan 13 11:01:17 2024
 产品编号: 12 
面包师线程号: 1268872960 时间: Sat Jan 13 11:01:17 2024
 产品编号: 13 
面包师线程号: 1277265664 时间: Sat Jan 13 11:01:17 2024
 产品编号: 13 
面包师线程号: 1277265664 时间: Sat Jan 13 11:01:17 2024
 产品编号: 15 
面包师线程号: 1268872960 时间: Sat Jan 13 11:01:17 2024
 产品编号: 15 
面包师线程号: 1277265664 时间: Sat Jan 13 11:01:17 2024
 产品编号: 16 
面包师线程号: 1268872960 时间: Sat Jan 13 11:01:17 2024
 产品编号: 17 
面包师线程号: 1260480256 时间: Sat Jan 13 11:01:17 2024
 产品编号: 18 
面包师线程号: 1268872960 时间: Sat Jan 13 11:01:17 2024
 产品编号: 19 
面包师线程号: 1268872960 时间: Sat Jan 13 11:01:17 2024
 产品编号: 20 
面包师线程号: 1268872960 时间: Sat Jan 13 11:01:17 2024
 产品编号: 21 
面包师线程号: 1243694848 时间: Sat Jan 13 11:01:17 2024
 产品编号: 22 
面包师线程号: 1260480256 时间: Sat Jan 13 11:01:17 2024
 产品编号: 23 
面包师线程号: 1260480256 时间: Sat Jan 13 11:01:17 2024
 产品编号: 24 
面包师线程号: 1260480256 时间: Sat Jan 13 11:01:17 2024
 产品编号: 25 
面包师线程号: 1268872960 时间: Sat Jan 13 11:01:17 2024
 产品编号: 25 
面包师线程号: 1268872960 时间: Sat Jan 13 11:01:17 2024
 产品编号: 28 
面包师线程号: 1260480256 时间: Sat Jan 13 11:01:17 2024
 产品编号: 28 
面包师线程号: 1260480256 时间: Sat Jan 13 11:01:17 2024
 产品编号: 30 
面包师线程号: 1277265664 时间: Sat Jan 13 11:01:17 2024
 产品编号: 30 
面包师线程号: 1277265664 时间: Sat Jan 13 11:01:17 2024
 产品编号: 31 
面包师线程号: 1268872960 时间: Sat Jan 13 11:01:17 2024
 产品编号: 32 
面包师线程号: 1268872960 时间: Sat Jan 13 11:01:17 2024
 产品编号: 34 
面包师线程号: 1268872960 时间: Sat Jan 13 11:01:17 2024
 产品编号: 35 
面包师线程号: 1277265664 时间: Sat Jan 13 11:01:17 2024
 产品编号: 35 
面包师线程号: 1277265664 时间: Sat Jan 13 11:01:17 2024
 产品编号: 37 
面包师线程号: 1260480256 时间: Sat Jan 13 11:01:17 2024
 产品编号: 37 
面包师线程号: 1260480256 时间: Sat Jan 13 11:01:17 2024
 产品编号: 38 
面包师线程号: 1260480256 时间: Sat Jan 13 11:01:17 2024
 产品编号: 40 
面包师线程号: 1277265664 时间: Sat Jan 13 11:01:17 2024
 产品编号: 40 
面包师线程号: 1243694848 时间: Sat Jan 13 11:01:17 2024
 产品编号: 41 
面包师线程号: 1243694848 时间: Sat Jan 13 11:01:17 2024
 产品编号: 43 
面包师线程号: 1277265664 时间: Sat Jan 13 11:01:17 2024
 产品编号: 43 
面包师线程号: 1277265664 时间: Sat Jan 13 11:01:17 2024
 产品编号: 45 
面包师线程号: 1268872960 时间: Sat Jan 13 11:01:17 2024
 产品编号: 45 
面包师线程号: 1260480256 时间: Sat Jan 13 11:01:17 2024
 产品编号: 47 
面包师线程号: 1243694848 时间: Sat Jan 13 11:01:17 2024
 产品编号: 48 
面包师线程号: 1277265664 时间: Sat Jan 13 11:01:17 2024
 产品编号: 49 
面包师线程号: 1252087552 时间: Sat Jan 13 11:01:17 2024
 产品编号: 50 
面包师线程号: -570661120 时间: Sun Jan 14 10:46:40 2024
 产品编号: 1 
面包师线程号: -570661120 时间: Sun Jan 14 10:46:40 2024
 产品编号: 2 
面包师线程号: -570661120 时间: Sun Jan 14 10:46:40 2024
 产品编号: 3 
面包师线程号: -579053824 时间: Sun Jan 14 10:46:40 2024
 产品编号: 3 
面包师线程号: -579053824 时间: Sun Jan 14 10:46:40 2024
 产品编号: 5 
面包师线程号: -579053824 时间: Sun Jan 14 10:46:40 2024
 产品编号: 6 
面包师线程号: -579053824 时间: Sun Jan 14 10:46:40 2024
 产品编号: 7 
面包师线程号: -570661120 时间: Sun Jan 14 10:46:40 2024
 产品编号: 7 
面包师线程号: -671090944 时间: Sun Jan 14 10:46:40 2024
 产品编号: 8 
面包师线程号: -671090944 时间: Sun Jan 14 10:46:40 2024
 产品编号: 10 
面包师线程号: -671090944 时间: Sun Jan 14 10:46:40 2024
 产品编号: 11 
面包师线程号: -579053824 时间: Sun Jan 14 10:46:40 2024
 产品编号: 11 
面包师线程号: -587446528 时间: Sun Jan 14 10:46:40 2024
 产品编号: 12 
面包师线程号: -679483648 时间: Sun Jan 14 10:46:40 2024
 产品编号: 13 
面包师线程号: -671090944 时间: Sun Jan 14 10:46:40 2024
 产品编号: 14 
面包师线程号: -679483648 时间: Sun Jan 14 10:46:40 2024
 产品编号: 15 
面包师线程号: -671090944 时间: Sun Jan 14 10:46:40 2024
 产品编号: 16 
面包师线程号: -587446528 时间: Sun Jan 14 10:46:40 2024
 产品编号: 17 
面包师线程号: -587446528 时间: Sun Jan 14 10:46:40 2024
 产品编号: 19 
面包师线程号: -587446528 时间: Sun Jan 14 10:46:40 2024
 产品编号: 20 
面包师线程号: -570661120 时间: Sun Jan 14 10:46:40 2024
 产品编号: 20 
面包师线程号: -671090944 时间: Sun Jan 14 10:46:40 2024
 产品编号: 21 
面包师线程号: -671090944 时间: Sun Jan 14 10:46:40 2024
 产品编号: 23 
面包师线程号: -587446528 时间: Sun Jan 14 10:46:40 2024
 产品编号: 23 
面包师线程号: -587446528 时间: Sun Jan 14 10:46:40 2024
 产品编号: 25 
面包师线程号: -579053824 时间: Sun Jan 14 10:46:40 2024
 产品编号: 25 
面包师线程号: -587446528 时间: Sun Jan 14 10:46:40 2024
 产品编号: 26 
面包师线程号: -587446528 时间: Sun Jan 14 10:46:40 2024
 产品编号: 27 
面包师线程号: -587446528 时间: Sun Jan 14 10:46:40 2024
 产品编号: 28 
面包师线程号: -587446528 时间: Sun Jan 14 10:46:40 2024
 产品编号: 30 
面包师线程号: -679483648 时间: Sun Jan 14 10:46:40 2024
 产品编号: 30 
面包师线程号: -587446528 时间: Sun Jan 14 10:46:40 2024
 产品编号: 31 
面包师线程号: -570661120 时间: Sun Jan 14 10:46:40 2024
 产品编号: 31 
面包师线程号: -587446528 时间: Sun Jan 14 10:46:40 2024
 产品编号: 33 
面包师线程号: -587446528 时间: Sun Jan 14 10:46:40 2024
 产品编号: 34 
面包师线程号: -587446528 时间: Sun Jan 14 10:46:40 2024
 产品编号: 35 
面包师线程号: -587446528 时间: Sun Jan 14 10:46:40 2024
 产品编号: 37 
面包师线程号: -570661120 时间: Sun Jan 14 10:46:40 2024
 产品编号: 37 
面包师线程号: -570661120 时间: Sun Jan 14 10:46:40 2024
 产品编号: 39 
面包师线程号: -570661120 时间: Sun Jan 14 10:46:40 2024
 产品编号: 40 
面包师线程号: -587446528 时间: Sun Jan 14 10:46:40 2024
 产品编号: 40 
面包师线程号: -671090944 时间: Sun Jan 14 10:46:40 2024
 产品编号: 40 
面包师线程号: -587446528 时间: Sun Jan 14 10:46:40 2024
 产品编号: 42 
面包师线程号: -587446528 时间: Sun Jan 14 10:46:40 2024
 产品编号: 43 
面包师线程号: -679483648 时间: Sun Jan 14 10:46:40 2024
 产品编号: 43 
面包师线程号: -570661120 时间: Sun Jan 14 10:46:40 2024
 产品编号: 45 
面包师线程号: -579053824 时间: Sun Jan 14 10:46:40 2024
 产品编号: 47 
面包师线程号: -671090944 时间: Sun Jan 14 10:46:40 2024
 产品编号: 48 
面包师线程号: -679483648 时间: Sun Jan 14 10:46:40 2024
 产品编号: 49 
面包师线程号: -587446528 时间: Sun Jan 14 10:46:40 2024
 产品编号: 50 
面包师线程号: 1982932736 时间: Mon Jan 15 10:53:15 2024
 产品编号: 1 
面包师线程号: 1982932736 时间: Mon Jan 15 10:53:16 2024
 产品编号: 2 
面包师线程号: 1982932736 时间: Mon Jan 15 10:53:16 2024
 产品编号: 3 
面包师线程号: 1982932736 时间: Mon Jan 15 10:53:16 2024
 产品编号: 4 
面包师线程号: 1982932736 时间: Mon Jan 15 10:53:16 2024
 产品编号: 5 
面包师线程号: 1879045888 时间: Mon Jan 15 10:53:16 2024
 产品编号: 5 
面包师线程号: 1879045888 时间: Mon Jan 15 10:53:16 2024
 产品编号: 7 
面包师线程号: 1879045888 时间: Mon Jan 15 10:53:16 2024
 产品编号: 8 
面包师线程号: 1957754624 时间: Mon Jan 15 10:53:16 2024
 产品编号: 8 
面包师线程号: 1957754624 时间: Mon Jan 15 10:53:16 2024
 产品编号: 10 
面包师线程号: 1957754624 时间: Mon Jan 15 10:53:16 2024
 产品编号: 11 
面包师线程号: 1957754624 时间: Mon Jan 15 10:53:16 2024
 产品编号: 12 
面包师线程号: 1982932736 时间: Mon Jan 15 10:53:16 2024
 产品编号: 12 
面包师线程号: 1957754624 时间: Mon Jan 15 10:53:16 2024
 产品编号: 13 
面包师线程号: 1966147328 时间: Mon Jan 15 10:53:16 2024
 产品编号: 13 
面包师线程号: 1974540032 时间: Mon Jan 15 10:53:16 2024
 产品编号: 15 
面包师线程号: 1974540032 时间: Mon Jan 15 10:53:16 2024
 产品编号: 17 
面包师线程号: 1982932736 时间: Mon Jan 15 10:53:16 2024
 产品编号: 17 
面包师线程号: 1974540032 时间: Mon Jan 15 10:53:16 2024
 产品编号: 18 
面包师线程号: 1974540032 时间: Mon Jan 15 10:53:16 2024
 产品编号: 19 
面包师线程号: 1974540032 时间: Mon Jan 15 10:53:16 2024
 产品编号: 20 
面包师线程号: 1957754624 时间: Mon Jan 15 10:53:16 2024
 产品编号: 21 
面包师线程号: 1879045888 时间: Mon Jan 15 10:53:16 2024
 产品编号: 22 
面包师线程号: 1879045888 时间: Mon Jan 15 10:53:16 2024
 产品编号: 24 
面包师线程号: 1879045888 时间: Mon Jan 15 10:53:16 2024
 产品编号: 25 
面包师线程号: 1982932736 时间: Mon Jan 15 10:53:16 2024
 产品编号: 25 
面包师线程号: 1966147328 时间: Mon Jan 15 10:53:16 2024
 产品编号: 26 
面包师线程号: 1966147328 时间: Mon Jan 15 10:53:16 2024
 产品编号: 28 
面包师线程号: 1966147328 时间: Mon Jan 15 10:53:16 2024
 产品编号: 29 
面包师线程号: 1966147328 时间: Mon Jan 15 10:53:16 2024
 产品编号: 30 
面包师线程号: 1982932736 时间: Mon Jan 15 10:53:16 2024
 产品编号: 30 
面包师线程号: 1957754624 时间: Mon Jan 15 10:53:16 2024
 产品编号: 31 
面包师线程号: 1879045888 时间: Mon Jan 15 10:53:16 2024
 产品编号: 32 
面包师线程号: 1966147328 时间: Mon Jan 15 10:53:16 2024
 产品编号: 33 
面包师线程号: 1879045888 时间: Mon Jan 15 10:53:16 2024
 产品编号: 34 
面包师线程号: 1966147328 时间: Mon Jan 15 10:53:16 2024
 产品编号: 35 
面包师线程号: 1966147328 时间: Mon Jan 15 10:53:16 2024
 产品编号: 36 
面包师线程号: 1966147328 时间: Mon Jan 15 10:53:16 2024
 产品编号: 38 
面包师线程号: 1879045888 时间: Mon Jan 15 10:53:16 2024
 产品编号: 38 
面包师线程号: 1879045888 时间: Mon Jan 15 10:53:16 2024
 产品编号: 40 
面包师线程号: 1982932736 时间: Mon Jan 15 10:53:16 2024
 产品编号: 40 
面包师线程号: 1957754624 时间: Mon Jan 15 10:53:16 2024
 产品编号: 41 
面包师线程号: 1966147328 时间: Mon Jan 15 10:53:16 2024
 产品编号: 42 
面包师线程号: 1957754624 时间: Mon Jan 15 10:53:16 2024
 产品编号: 43 
面包师线程号: 1966147328 时间: Mon Jan 15 10:53:16 2024
 产品编号: 44 
面包师线程号: 1966147328 时间: Mon Jan 15 10:53:16 2024
 产品编号: 45 
面包师线程号: 1957754624 时间: Mon Jan 15 10:53:16 2024
 产品编号: 46 
面包师线程号: 1879045888 时间: Mon Jan 15 10:53:16 2024
 产品编号: 48 
面包师线程号: 1974540032 时间: Mon Jan 15 10:53:16 2024
 产品编号: 49 
面包师线程号: 1982932736 时间: Mon Jan 15 10:53:16 2024
 产品编号: 50 
面包师线程号: 868058880 时间: Mon Jan 15 19:36:43 2024
 产品编号: 1 
面包师线程号: 868058880 时间: Mon Jan 15 19:36:43 2024
 产品编号: 2 
面包师线程号: 868058880 时间: Mon Jan 15 19:36:43 2024
 产品编号: 3 
面包师线程号: 868058880 时间: Mon Jan 15 19:36:43 2024
 产品编号: 4 
面包师线程号: 851273472 时间: Mon Jan 15 19:36:43 2024
 产品编号: 4 
面包师线程号: 851273472 时间: Mon Jan 15 19:36:43 2024
 产品编号: 6 
面包师线程号: 851273472 时间: Mon Jan 15 19:36:43 2024
 产品编号: 7 
面包师线程号: 859666176 时间: Mon Jan 15 19:36:43 2024
 产品编号: 7 
面包师线程号: 842880768 时间: Mon Jan 15 19:36:43 2024
 产品编号: 8 
面包师线程号: 834488064 时间: Mon Jan 15 19:36:43 2024
 产品编号: 9 
面包师线程号: 851273472 时间: Mon Jan 15 19:36:43 2024
 产品编号: 10 
面包师线程号: 834488064 时间: Mon Jan 15 19:36:43 2024
 产品编号: 11 
面包师线程号: 851273472 时间: Mon Jan 15 19:36:43 2024
 产品编号: 12 
面包师线程号: 851273472 时间: Mon Jan 15 19:36:43 2024
 产品编号: 13 
面包师线程号: 851273472 时间: Mon Jan 15 19:36:43 2024
 产品编号: 14 
面包师线程号: 851273472 时间: Mon Jan 15 19:36:43 2024
 产品编号: 16 
面包师线程号: 868058880 时间: Mon Jan 15 19:36:43 2024
 产品编号: 16 
面包师线程号: 859666176 时间: Mon Jan 15 19:36:43 2024
 产品编号: 17 
面包师线程号: 859666176 时间: Mon Jan 15 19:36:43 2024
 产品编号: 19 
面包师线程号: 859666176 时间: Mon Jan 15 19:36:43 2024
 产品编号: 20 
面包师线程号: 859666176 时间: Mon Jan 15 19:36:43 2024
 产品编号: 21 
面包师线程号: 868058880 时间: Mon Jan 15 19:36:43 2024
 产品编号: 21 
面包师线程号: 851273472 时间: Mon Jan 15 19:36:43 2024
 产品编号: 22 
面包师线程号: 834488064 时间: Mon Jan 15 19:36:43 2024
 产品编号: 23 
面包师线程号: 851273472 时间: Mon Jan 15 19:36:43 2024
 产品编号: 24 
面包师线程号: 834488064 时间: Mon Jan 15 19:36:43 2024
 产品编号: 25 
面包师线程号: 851273472 时间: Mon Jan 15 19:36:43 2024
 产品编号: 26 
面包师线程号: 868058880 时间: Mon Jan 15 19:36:43 2024
 产品编号: 27 
面包师线程号: 834488064 时间: Mon Jan 15 19:36:43 2024
 产品编号: 28 
面包师线程号: 868058880 时间: Mon Jan 15 19:36:43 2024
 产品编号: 29 
面包师线程号: 851273472 时间: Mon Jan 15 19:36:43 2024
 产品编号: 30 
面包师线程号: 842880768 时间: Mon Jan 15 19:36:43 2024
 产品编号: 31 
面包师线程号: 834488064 时间: Mon Jan 15 19:36:43 2024
 产品编号: 32 
面包师线程号: 834488064 时间: Mon Jan 15 19:36:43 2024
 产品编号: 34 
面包师线程号: 868058880 时间: Mon Jan 15 19:36:43 2024
 产品编号: 34 
面包师线程号: 868058880 时间: Mon Jan 15 19:36:43 2024
 产品编号: 36 
面包师线程号: 851273472 时间: Mon Jan 15 19:36:43 2024
 产品编号: 36 
面包师线程号: 851273472 时间: Mon Jan 15 19:36:43 2024
 产品编号: 38 
面包师线程号: 851273472 时间: Mon Jan 15 19:36:43 2024
 产品编号: 39 
面包师线程号: 868058880 时间: Mon Jan 15 19:36:43 2024
 产品编号: 39 
面包师线程号: 851273472 时间: Mon Jan 15 19:36:43 2024
 产品编号: 40 
面包师线程号: 868058880 时间: Mon Jan 15 19:36:43 2024
 产品编号: 41 
面包师线程号: 868058880 时间: Mon Jan 15 19:36:43 2024
 产品编号: 43 
面包师线程号: 851273472 时间: Mon Jan 15 19:36:43 2024
 产品编号: 43 
面包师线程号: 851273472 时间: Mon Jan 15 19:36:43 2024
 产品编号: 44 
面包师线程号: 851273472 时间: Mon Jan 15 19:36:43 2024
 产品编号: 45 
面包师线程号: 851273472 时间: Mon Jan 15 19:36:43 2024
 产品编号: 46 
面包师线程号: 834488064 时间: Mon Jan 15 19:36:43 2024
 产品编号: 48 
面包师线程号: 842880768 时间: Mon Jan 15 19:36:43 2024
 产品编号: 49 
面包师线程号: 859666176 时间: Mon Jan 15 19:36:43 2024
 产品编号: 50 
